[19:07:01] [main/INFO]: Setting user: Player306
[19:07:03] [Client thread/INFO]: LWJGL Version: 2.9.1
[19:07:15] [Client thread/INFO]: Reloading ResourceManager: Default, FMLFileResourcePack:Forge Mod Loader, FMLFileResourcePack:Minecraft Forge, FMLFileResourcePack:Darkium
[19:07:16] [Sound Library Loader/INFO]: Sound engine started
[19:07:19] [Client thread/INFO]: Created: 16x16 textures/blocks-atlas
[19:07:19] [Client thread/INFO]: Created: 16x16 textures/items-atlas
[19:07:19] [Client thread/INFO]: Reloading ResourceManager: Default, FMLFileResourcePack:Forge Mod Loader, FMLFileResourcePack:Minecraft Forge, FMLFileResourcePack:Darkium
[19:07:19] [Client thread/INFO]: Created: 512x256 textures/blocks-atlas
[19:07:20] [Client thread/INFO]: Created: 512x256 textures/items-atlas
[19:07:20] [Sound Library Loader/INFO]: Sound engine started
[19:08:06] [Client thread/INFO]: Deleting level Darkium
[19:08:06] [Client thread/INFO]: Attempt 1...
[19:08:18] [Server thread/INFO]: Starting integrated minecraft server version 1.7.10
[19:08:18] [Server thread/INFO]: Generating keypair
[19:08:18] [Server thread/INFO]: Converting map!
[19:08:18] [Server thread/INFO]: Scanning folders...
[19:08:18] [Server thread/INFO]: Total conversion count is 0
[19:08:20] [Server thread/INFO]: Preparing start region for level 0
[19:08:21] [Server thread/INFO]: Preparing spawn area: 53%
[19:08:21] [Server thread/INFO]: Changing view distance to 5, from 10
[19:08:22] [Server thread/INFO]: Player306[local:E:af94b25b] logged in with entity id 3 at (855.5, 1.0, -1117.5)
[19:08:22] [Server thread/INFO]: Player306 joined the game
[19:08:26] [Server thread/INFO]: Player306 has just earned the achievement [Taking Inventory]
[19:08:26] [Client thread/INFO]: [CHAT] Player306 has just earned the achievement [Taking Inventory]
[19:14:06] [Client thread/INFO]: Stopping!
[19:14:06] [Server thread/INFO]: Stopping server
[19:14:06] [Server thread/INFO]: Saving players
[19:14:06] [Server thread/INFO]: Saving worlds
[19:14:06] [Server thread/INFO]: Saving chunks for level 'New World'/Overworld
[19:14:06] [Server thread/INFO]: Saving chunks for level 'New World'/Nether
[19:14:06] [Server thread/INFO]: Saving chunks for level 'New World'/The End
